
*** Running vivado
    with args -log Main.vds -m64 -product Vivado -mode batch -messageDb vivado.pb -notrace -source Main.tcl



****** Vivado v2022.1 (64-bit)
  **** SW Build 3526262 on Mon Apr 18 15:48:16 MDT 2022
  **** IP Build 3524634 on Mon Apr 18 20:55:01 MDT 2022
    ** Copyright 1986-2022 Xilinx, Inc. All Rights Reserved.

source Main.tcl -notrace
Command: read_checkpoint -auto_incremental -incremental C:/Users/youssif.abuzied/Final_Project/Final_Project.srcs/utils_1/imports/synth_1/Digital_Clock.dcp
INFO: [Vivado 12-5825] Read reference checkpoint from C:/Users/youssif.abuzied/Final_Project/Final_Project.srcs/utils_1/imports/synth_1/Digital_Clock.dcp for incremental synthesis
INFO: [Vivado 12-7989] Please ensure there are no constraint changes
Command: synth_design -top Main -part xc7a35tcpg236-1
Starting synth_design
Attempting to get a license for feature 'Synthesis' and/or device 'xc7a35t'
INFO: [Common 17-349] Got license for feature 'Synthesis' and/or device 'xc7a35t'
INFO: [Device 21-403] Loading part xc7a35tcpg236-1
INFO: [Designutils 20-5440] No compile time benefit to using incremental synthesis; A full resynthesis will be run
INFO: [Designutils 20-4379] Flow is switching to default flow due to incremental criteria not met. If you would like to alter this behaviour and have the flow terminate instead, please set the following parameter config_implementation {autoIncr.Synth.RejectBehavior Terminate}
INFO: [Synth 8-7079] Multithreading enabled for synth_design using a maximum of 2 processes.
INFO: [Synth 8-7078] Launching helper process for spawning children vivado processes
INFO: [Synth 8-7075] Helper process launched with PID 13112
---------------------------------------------------------------------------------
Starting RTL Elaboration : Time (s): cpu = 00:00:05 ; elapsed = 00:00:05 . Memory (MB): peak = 1292.801 ; gain = 0.000
---------------------------------------------------------------------------------
INFO: [Synth 8-6157] synthesizing module 'Main' [C:/Users/youssif.abuzied/Final_Project/Final_Project.srcs/sources_1/new/Main.v:23]
INFO: [Synth 8-6157] synthesizing module 'clockDivider' [C:/Users/youssif.abuzied/Final_Project/Final_Project.srcs/sources_1/new/clock_divider.v:22]
INFO: [Synth 8-6155] done synthesizing module 'clockDivider' (0#1) [C:/Users/youssif.abuzied/Final_Project/Final_Project.srcs/sources_1/new/clock_divider.v:22]
INFO: [Synth 8-6157] synthesizing module 'Digital_Clock' [C:/Users/youssif.abuzied/Final_Project/Final_Project.srcs/sources_1/new/Digital_clock.v:22]
INFO: [Synth 8-6157] synthesizing module 'bin_counter_nbits' [C:/Users/youssif.abuzied/Final_Project/Final_Project.srcs/sources_1/new/Bit_N_Counter.v:25]
	Parameter x bound to: 4 - type: integer 
	Parameter n bound to: 10 - type: integer 
INFO: [Synth 8-6155] done synthesizing module 'bin_counter_nbits' (0#1) [C:/Users/youssif.abuzied/Final_Project/Final_Project.srcs/sources_1/new/Bit_N_Counter.v:25]
INFO: [Synth 8-6157] synthesizing module 'bin_counter_nbits__parameterized0' [C:/Users/youssif.abuzied/Final_Project/Final_Project.srcs/sources_1/new/Bit_N_Counter.v:25]
	Parameter x bound to: 3 - type: integer 
	Parameter n bound to: 6 - type: integer 
INFO: [Synth 8-6155] done synthesizing module 'bin_counter_nbits__parameterized0' (0#1) [C:/Users/youssif.abuzied/Final_Project/Final_Project.srcs/sources_1/new/Bit_N_Counter.v:25]
INFO: [Synth 8-6157] synthesizing module 'bin_counter_nbits__parameterized1' [C:/Users/youssif.abuzied/Final_Project/Final_Project.srcs/sources_1/new/Bit_N_Counter.v:25]
	Parameter x bound to: 4 - type: integer 
	Parameter n bound to: 10 - type: integer 
	Parameter z bound to: 4 - type: integer 
INFO: [Synth 8-6155] done synthesizing module 'bin_counter_nbits__parameterized1' (0#1) [C:/Users/youssif.abuzied/Final_Project/Final_Project.srcs/sources_1/new/Bit_N_Counter.v:25]
INFO: [Synth 8-6157] synthesizing module 'bin_counter_nbits__parameterized2' [C:/Users/youssif.abuzied/Final_Project/Final_Project.srcs/sources_1/new/Bit_N_Counter.v:25]
	Parameter x bound to: 3 - type: integer 
	Parameter n bound to: 6 - type: integer 
	Parameter z bound to: 3 - type: integer 
INFO: [Synth 8-6155] done synthesizing module 'bin_counter_nbits__parameterized2' (0#1) [C:/Users/youssif.abuzied/Final_Project/Final_Project.srcs/sources_1/new/Bit_N_Counter.v:25]
INFO: [Synth 8-6155] done synthesizing module 'Digital_Clock' (0#1) [C:/Users/youssif.abuzied/Final_Project/Final_Project.srcs/sources_1/new/Digital_clock.v:22]
INFO: [Synth 8-6157] synthesizing module 'Alarm' [C:/Users/youssif.abuzied/Final_Project/Final_Project.srcs/sources_1/new/Alarm.v:23]
INFO: [Synth 8-6155] done synthesizing module 'Alarm' (0#1) [C:/Users/youssif.abuzied/Final_Project/Final_Project.srcs/sources_1/new/Alarm.v:23]
INFO: [Synth 8-6157] synthesizing module 'PB_detector' [C:/Users/youssif.abuzied/Final_Project/Final_Project.srcs/sources_1/new/push_btn_detect.v:3]
INFO: [Synth 8-6157] synthesizing module 'debouncer' [C:/Users/youssif.abuzied/Final_Project/Final_Project.srcs/sources_1/new/Debouncer.v:22]
INFO: [Synth 8-6155] done synthesizing module 'debouncer' (0#1) [C:/Users/youssif.abuzied/Final_Project/Final_Project.srcs/sources_1/new/Debouncer.v:22]
INFO: [Synth 8-6157] synthesizing module 'Synchronizer' [C:/Users/youssif.abuzied/Final_Project/Final_Project.srcs/sources_1/new/Syncronizer.v:23]
INFO: [Synth 8-6155] done synthesizing module 'Synchronizer' (0#1) [C:/Users/youssif.abuzied/Final_Project/Final_Project.srcs/sources_1/new/Syncronizer.v:23]
INFO: [Synth 8-6157] synthesizing module 'Rising_edge_detector' [C:/Users/youssif.abuzied/Final_Project/Final_Project.srcs/sources_1/new/Rising_edge_detector.v:23]
INFO: [Synth 8-155] case statement is not full and has no default [C:/Users/youssif.abuzied/Final_Project/Final_Project.srcs/sources_1/new/Rising_edge_detector.v:31]
INFO: [Synth 8-6155] done synthesizing module 'Rising_edge_detector' (0#1) [C:/Users/youssif.abuzied/Final_Project/Final_Project.srcs/sources_1/new/Rising_edge_detector.v:23]
INFO: [Synth 8-6155] done synthesizing module 'PB_detector' (0#1) [C:/Users/youssif.abuzied/Final_Project/Final_Project.srcs/sources_1/new/push_btn_detect.v:3]
INFO: [Synth 8-226] default block is never used [C:/Users/youssif.abuzied/Final_Project/Final_Project.srcs/sources_1/new/Main.v:52]
INFO: [Synth 8-6157] synthesizing module 'clockDivider__parameterized0' [C:/Users/youssif.abuzied/Final_Project/Final_Project.srcs/sources_1/new/clock_divider.v:22]
	Parameter n bound to: 250000 - type: integer 
INFO: [Synth 8-6155] done synthesizing module 'clockDivider__parameterized0' (0#1) [C:/Users/youssif.abuzied/Final_Project/Final_Project.srcs/sources_1/new/clock_divider.v:22]
INFO: [Synth 8-6157] synthesizing module 'bin_counter_nbits__parameterized3' [C:/Users/youssif.abuzied/Final_Project/Final_Project.srcs/sources_1/new/Bit_N_Counter.v:25]
	Parameter x bound to: 2 - type: integer 
	Parameter n bound to: 4 - type: integer 
INFO: [Synth 8-6155] done synthesizing module 'bin_counter_nbits__parameterized3' (0#1) [C:/Users/youssif.abuzied/Final_Project/Final_Project.srcs/sources_1/new/Bit_N_Counter.v:25]
WARNING: [Synth 8-567] referenced signal 'outhours1' should be on the sensitivity list [C:/Users/youssif.abuzied/Final_Project/Final_Project.srcs/sources_1/new/Main.v:139]
WARNING: [Synth 8-567] referenced signal 'outhours0' should be on the sensitivity list [C:/Users/youssif.abuzied/Final_Project/Final_Project.srcs/sources_1/new/Main.v:139]
WARNING: [Synth 8-567] referenced signal 'outmin1' should be on the sensitivity list [C:/Users/youssif.abuzied/Final_Project/Final_Project.srcs/sources_1/new/Main.v:139]
WARNING: [Synth 8-567] referenced signal 'outmin0' should be on the sensitivity list [C:/Users/youssif.abuzied/Final_Project/Final_Project.srcs/sources_1/new/Main.v:139]
WARNING: [Synth 8-567] referenced signal 'hours1' should be on the sensitivity list [C:/Users/youssif.abuzied/Final_Project/Final_Project.srcs/sources_1/new/Main.v:139]
WARNING: [Synth 8-567] referenced signal 'hours0' should be on the sensitivity list [C:/Users/youssif.abuzied/Final_Project/Final_Project.srcs/sources_1/new/Main.v:139]
WARNING: [Synth 8-567] referenced signal 'min1' should be on the sensitivity list [C:/Users/youssif.abuzied/Final_Project/Final_Project.srcs/sources_1/new/Main.v:139]
WARNING: [Synth 8-567] referenced signal 'min0' should be on the sensitivity list [C:/Users/youssif.abuzied/Final_Project/Final_Project.srcs/sources_1/new/Main.v:139]
INFO: [Synth 8-6157] synthesizing module 'BCD7SEG' [C:/Users/youssif.abuzied/Final_Project/Final_Project.srcs/sources_1/new/BCDto7SEG.v:22]
INFO: [Synth 8-155] case statement is not full and has no default [C:/Users/youssif.abuzied/Final_Project/Final_Project.srcs/sources_1/new/BCDto7SEG.v:27]
INFO: [Synth 8-6155] done synthesizing module 'BCD7SEG' (0#1) [C:/Users/youssif.abuzied/Final_Project/Final_Project.srcs/sources_1/new/BCDto7SEG.v:22]
INFO: [Synth 8-6155] done synthesizing module 'Main' (0#1) [C:/Users/youssif.abuzied/Final_Project/Final_Project.srcs/sources_1/new/Main.v:23]
---------------------------------------------------------------------------------
Finished RTL Elaboration : Time (s): cpu = 00:00:07 ; elapsed = 00:00:07 . Memory (MB): peak = 1292.801 ; gain = 0.000
---------------------------------------------------------------------------------
---------------------------------------------------------------------------------
Start Handling Custom Attributes
---------------------------------------------------------------------------------
---------------------------------------------------------------------------------
Finished Handling Custom Attributes : Time (s): cpu = 00:00:07 ; elapsed = 00:00:07 . Memory (MB): peak = 1292.801 ; gain = 0.000
---------------------------------------------------------------------------------
---------------------------------------------------------------------------------
Finished RTL Optimization Phase 1 : Time (s): cpu = 00:00:07 ; elapsed = 00:00:07 . Memory (MB): peak = 1292.801 ; gain = 0.000
---------------------------------------------------------------------------------
Netlist sorting complete. Time (s): cpu = 00:00:00 ; elapsed = 00:00:00.008 . Memory (MB): peak = 1292.801 ; gain = 0.000
INFO: [Project 1-570] Preparing netlist for logic optimization

Processing XDC Constraints
Initializing timing engine
Parsing XDC File [C:/Users/youssif.abuzied/Final_Project/Final_Project.srcs/constrs_1/new/Clock.xdc]
Finished Parsing XDC File [C:/Users/youssif.abuzied/Final_Project/Final_Project.srcs/constrs_1/new/Clock.xdc]
INFO: [Project 1-236] Implementation specific constraints were found while reading constraint file [C:/Users/youssif.abuzied/Final_Project/Final_Project.srcs/constrs_1/new/Clock.xdc]. These constraints will be ignored for synthesis but will be used in implementation. Impacted constraints are listed in the file [.Xil/Main_propImpl.xdc].
Resolution: To avoid this warning, move constraints listed in [.Xil/Main_propImpl.xdc] to another XDC file and exclude this new file from synthesis with the used_in_synthesis property (File Properties dialog in GUI) and re-run elaboration/synthesis.
Completed Processing XDC Constraints

Netlist sorting complete. Time (s): cpu = 00:00:00 ; elapsed = 00:00:00.001 . Memory (MB): peak = 1349.320 ; gain = 0.000
INFO: [Project 1-111] Unisim Transformation Summary:
No Unisim elements were transformed.

Constraint Validation Runtime : Time (s): cpu = 00:00:00 ; elapsed = 00:00:00.004 . Memory (MB): peak = 1349.320 ; gain = 0.000
INFO: [Designutils 20-5440] No compile time benefit to using incremental synthesis; A full resynthesis will be run
INFO: [Designutils 20-4379] Flow is switching to default flow due to incremental criteria not met. If you would like to alter this behaviour and have the flow terminate instead, please set the following parameter config_implementation {autoIncr.Synth.RejectBehavior Terminate}
---------------------------------------------------------------------------------
Finished Constraint Validation : Time (s): cpu = 00:00:14 ; elapsed = 00:00:14 . Memory (MB): peak = 1349.320 ; gain = 56.520
---------------------------------------------------------------------------------
---------------------------------------------------------------------------------
Start Loading Part and Timing Information
---------------------------------------------------------------------------------
Loading part: xc7a35tcpg236-1
---------------------------------------------------------------------------------
Finished Loading Part and Timing Information : Time (s): cpu = 00:00:14 ; elapsed = 00:00:14 . Memory (MB): peak = 1349.320 ; gain = 56.520
---------------------------------------------------------------------------------
---------------------------------------------------------------------------------
Start Applying 'set_property' XDC Constraints
---------------------------------------------------------------------------------
---------------------------------------------------------------------------------
Finished applying 'set_property' XDC Constraints : Time (s): cpu = 00:00:14 ; elapsed = 00:00:14 . Memory (MB): peak = 1349.320 ; gain = 56.520
---------------------------------------------------------------------------------
INFO: [Synth 8-802] inferred FSM for state register 'state_reg' in module 'Rising_edge_detector'
INFO: [Synth 8-802] inferred FSM for state register 'statelr_reg' in module 'Main'
INFO: [Synth 8-802] inferred FSM for state register 'stateud_reg' in module 'Main'
WARNING: [Synth 8-327] inferring latch for variable 'FSM_sequential_nxtstate_reg' [C:/Users/youssif.abuzied/Final_Project/Final_Project.srcs/sources_1/new/Rising_edge_detector.v:33]
WARNING: [Synth 8-327] inferring latch for variable 'FSM_onehot_nxtstate_reg' [C:/Users/youssif.abuzied/Final_Project/Final_Project.srcs/sources_1/new/Rising_edge_detector.v:33]
---------------------------------------------------------------------------------------------------
                   State |                     New Encoding |                Previous Encoding 
---------------------------------------------------------------------------------------------------
                       B |                              001 |                               01
                       C |                              010 |                               10
                       A |                              100 |                               00
---------------------------------------------------------------------------------------------------
INFO: [Synth 8-3354] encoded FSM with state register 'state_reg' using encoding 'one-hot' in module 'Rising_edge_detector'
WARNING: [Synth 8-327] inferring latch for variable 'FSM_onehot_nxtstate_reg' [C:/Users/youssif.abuzied/Final_Project/Final_Project.srcs/sources_1/new/Rising_edge_detector.v:33]
WARNING: [Synth 8-327] inferring latch for variable 'O_reg' [C:/Users/youssif.abuzied/Final_Project/Final_Project.srcs/sources_1/new/BCDto7SEG.v:28]
WARNING: [Synth 8-327] inferring latch for variable 'FSM_sequential_nextstatelr_reg' [C:/Users/youssif.abuzied/Final_Project/Final_Project.srcs/sources_1/new/Main.v:88]
WARNING: [Synth 8-327] inferring latch for variable 'FSM_onehot_nextstatelr_reg' [C:/Users/youssif.abuzied/Final_Project/Final_Project.srcs/sources_1/new/Main.v:88]
---------------------------------------------------------------------------------------------------
                   State |                     New Encoding |                Previous Encoding 
---------------------------------------------------------------------------------------------------
                      TH |                             0010 |                               00
                      AM |                             0001 |                               11
                      AH |                             0100 |                               10
                      TM |                             1000 |                               01
---------------------------------------------------------------------------------------------------
INFO: [Synth 8-3354] encoded FSM with state register 'statelr_reg' using encoding 'one-hot' in module 'Main'
WARNING: [Synth 8-327] inferring latch for variable 'FSM_onehot_nextstatelr_reg' [C:/Users/youssif.abuzied/Final_Project/Final_Project.srcs/sources_1/new/Main.v:88]
WARNING: [Synth 8-327] inferring latch for variable 'FSM_sequential_nextstateud_reg' [C:/Users/youssif.abuzied/Final_Project/Final_Project.srcs/sources_1/new/Main.v:60]
WARNING: [Synth 8-327] inferring latch for variable 'FSM_onehot_nextstateud_reg' [C:/Users/youssif.abuzied/Final_Project/Final_Project.srcs/sources_1/new/Main.v:60]
---------------------------------------------------------------------------------------------------
                   State |                     New Encoding |                Previous Encoding 
---------------------------------------------------------------------------------------------------
                      NC |                              001 |                               10
                     INC |                              010 |                               00
                     DEC |                              100 |                               01
---------------------------------------------------------------------------------------------------
INFO: [Synth 8-3354] encoded FSM with state register 'stateud_reg' using encoding 'one-hot' in module 'Main'
WARNING: [Synth 8-327] inferring latch for variable 'FSM_onehot_nextstateud_reg' [C:/Users/youssif.abuzied/Final_Project/Final_Project.srcs/sources_1/new/Main.v:60]
---------------------------------------------------------------------------------
Finished RTL Optimization Phase 2 : Time (s): cpu = 00:00:14 ; elapsed = 00:00:15 . Memory (MB): peak = 1349.320 ; gain = 56.520
---------------------------------------------------------------------------------
---------------------------------------------------------------------------------
Start RTL Component Statistics 
---------------------------------------------------------------------------------
Detailed RTL Component Info : 
+---Adders : 
	   2 Input   32 Bit       Adders := 9     
	   2 Input    4 Bit       Adders := 10    
	   2 Input    3 Bit       Adders := 10    
	   2 Input    2 Bit       Adders := 2     
+---Registers : 
	               32 Bit    Registers := 9     
	                4 Bit    Registers := 5     
	                3 Bit    Registers := 5     
	                2 Bit    Registers := 1     
	                1 Bit    Registers := 35    
+---Muxes : 
	   2 Input   32 Bit        Muxes := 9     
	   3 Input    4 Bit        Muxes := 13    
	   2 Input    4 Bit        Muxes := 18    
	   4 Input    4 Bit        Muxes := 4     
	   3 Input    3 Bit        Muxes := 17    
	   2 Input    3 Bit        Muxes := 32    
	   4 Input    3 Bit        Muxes := 1     
	   2 Input    2 Bit        Muxes := 3     
	   4 Input    2 Bit        Muxes := 1     
	   3 Input    1 Bit        Muxes := 10    
	  11 Input    1 Bit        Muxes := 1     
	   2 Input    1 Bit        Muxes := 4     
---------------------------------------------------------------------------------
Finished RTL Component Statistics 
---------------------------------------------------------------------------------
---------------------------------------------------------------------------------
Start Part Resource Summary
---------------------------------------------------------------------------------
Part Resources:
DSPs: 90 (col length:60)
BRAMs: 100 (col length: RAMB18 60 RAMB36 30)
---------------------------------------------------------------------------------
Finished Part Resource Summary
---------------------------------------------------------------------------------
---------------------------------------------------------------------------------
Start Cross Boundary and Area Optimization
---------------------------------------------------------------------------------
WARNING: [Synth 8-7080] Parallel synthesis criteria is not met
---------------------------------------------------------------------------------
Finished Cross Boundary and Area Optimization : Time (s): cpu = 00:00:19 ; elapsed = 00:00:20 . Memory (MB): peak = 1349.320 ; gain = 56.520
---------------------------------------------------------------------------------
---------------------------------------------------------------------------------
Start Applying XDC Timing Constraints
---------------------------------------------------------------------------------
---------------------------------------------------------------------------------
Finished Applying XDC Timing Constraints : Time (s): cpu = 00:00:24 ; elapsed = 00:00:25 . Memory (MB): peak = 1349.320 ; gain = 56.520
---------------------------------------------------------------------------------
---------------------------------------------------------------------------------
Start Timing Optimization
---------------------------------------------------------------------------------
---------------------------------------------------------------------------------
Finished Timing Optimization : Time (s): cpu = 00:00:24 ; elapsed = 00:00:25 . Memory (MB): peak = 1349.320 ; gain = 56.520
---------------------------------------------------------------------------------
---------------------------------------------------------------------------------
Start Technology Mapping
---------------------------------------------------------------------------------
---------------------------------------------------------------------------------
Finished Technology Mapping : Time (s): cpu = 00:00:25 ; elapsed = 00:00:25 . Memory (MB): peak = 1349.320 ; gain = 56.520
---------------------------------------------------------------------------------
---------------------------------------------------------------------------------
Start IO Insertion
---------------------------------------------------------------------------------
---------------------------------------------------------------------------------
Start Flattening Before IO Insertion
---------------------------------------------------------------------------------
---------------------------------------------------------------------------------
Finished Flattening Before IO Insertion
---------------------------------------------------------------------------------
---------------------------------------------------------------------------------
Start Final Netlist Cleanup
---------------------------------------------------------------------------------
---------------------------------------------------------------------------------
Finished Final Netlist Cleanup
---------------------------------------------------------------------------------
---------------------------------------------------------------------------------
Finished IO Insertion : Time (s): cpu = 00:00:29 ; elapsed = 00:00:30 . Memory (MB): peak = 1349.320 ; gain = 56.520
---------------------------------------------------------------------------------
---------------------------------------------------------------------------------
Start Renaming Generated Instances
---------------------------------------------------------------------------------
---------------------------------------------------------------------------------
Finished Renaming Generated Instances : Time (s): cpu = 00:00:29 ; elapsed = 00:00:30 . Memory (MB): peak = 1349.320 ; gain = 56.520
---------------------------------------------------------------------------------
---------------------------------------------------------------------------------
Start Rebuilding User Hierarchy
---------------------------------------------------------------------------------
---------------------------------------------------------------------------------
Finished Rebuilding User Hierarchy : Time (s): cpu = 00:00:29 ; elapsed = 00:00:30 . Memory (MB): peak = 1349.320 ; gain = 56.520
---------------------------------------------------------------------------------
---------------------------------------------------------------------------------
Start Renaming Generated Ports
---------------------------------------------------------------------------------
---------------------------------------------------------------------------------
Finished Renaming Generated Ports : Time (s): cpu = 00:00:30 ; elapsed = 00:00:30 . Memory (MB): peak = 1349.320 ; gain = 56.520
---------------------------------------------------------------------------------
---------------------------------------------------------------------------------
Start Handling Custom Attributes
---------------------------------------------------------------------------------
---------------------------------------------------------------------------------
Finished Handling Custom Attributes : Time (s): cpu = 00:00:30 ; elapsed = 00:00:30 . Memory (MB): peak = 1349.320 ; gain = 56.520
---------------------------------------------------------------------------------
---------------------------------------------------------------------------------
Start Renaming Generated Nets
---------------------------------------------------------------------------------
---------------------------------------------------------------------------------
Finished Renaming Generated Nets : Time (s): cpu = 00:00:30 ; elapsed = 00:00:30 . Memory (MB): peak = 1349.320 ; gain = 56.520
---------------------------------------------------------------------------------
---------------------------------------------------------------------------------
Start Writing Synthesis Report
---------------------------------------------------------------------------------

Report BlackBoxes: 
+-+--------------+----------+
| |BlackBox name |Instances |
+-+--------------+----------+
+-+--------------+----------+

Report Cell Usage: 
+------+-------+------+
|      |Cell   |Count |
+------+-------+------+
|1     |BUFG   |     1|
|2     |CARRY4 |    72|
|3     |LUT1   |    14|
|4     |LUT2   |    19|
|5     |LUT3   |    33|
|6     |LUT4   |    59|
|7     |LUT5   |   355|
|8     |LUT6   |    38|
|9     |FDCE   |   355|
|10    |FDPE   |     8|
|11    |FDRE   |    20|
|12    |FDSE   |     5|
|13    |LD     |    29|
|14    |LDC    |     4|
|15    |IBUF   |     7|
|16    |OBUF   |    16|
+------+-------+------+
---------------------------------------------------------------------------------
Finished Writing Synthesis Report : Time (s): cpu = 00:00:30 ; elapsed = 00:00:30 . Memory (MB): peak = 1349.320 ; gain = 56.520
---------------------------------------------------------------------------------
Synthesis finished with 0 errors, 0 critical warnings and 11 warnings.
Synthesis Optimization Runtime : Time (s): cpu = 00:00:22 ; elapsed = 00:00:28 . Memory (MB): peak = 1349.320 ; gain = 0.000
Synthesis Optimization Complete : Time (s): cpu = 00:00:30 ; elapsed = 00:00:30 . Memory (MB): peak = 1349.320 ; gain = 56.520
INFO: [Project 1-571] Translating synthesized netlist
Netlist sorting complete. Time (s): cpu = 00:00:00 ; elapsed = 00:00:00.011 . Memory (MB): peak = 1349.320 ; gain = 0.000
INFO: [Netlist 29-17] Analyzing 105 Unisim elements for replacement
INFO: [Netlist 29-28] Unisim Transformation completed in 0 CPU seconds
INFO: [Project 1-570] Preparing netlist for logic optimization
INFO: [Opt 31-138] Pushed 0 inverter(s) to 0 load pin(s).
Netlist sorting complete. Time (s): cpu = 00:00:00 ; elapsed = 00:00:00 . Memory (MB): peak = 1349.320 ; gain = 0.000
INFO: [Project 1-111] Unisim Transformation Summary:
  A total of 33 instances were transformed.
  LD => LDCE: 29 instances
  LDC => LDCE: 4 instances

Synth Design complete, checksum: c5174647
INFO: [Common 17-83] Releasing license: Synthesis
60 Infos, 19 Warnings, 0 Critical Warnings and 0 Errors encountered.
synth_design completed successfully
synth_design: Time (s): cpu = 00:00:33 ; elapsed = 00:00:34 . Memory (MB): peak = 1349.320 ; gain = 56.520
INFO: [Common 17-1381] The checkpoint 'C:/Users/youssif.abuzied/Final_Project/Final_Project.runs/synth_1/Main.dcp' has been generated.
INFO: [runtcl-4] Executing : report_utilization -file Main_utilization_synth.rpt -pb Main_utilization_synth.pb
INFO: [Common 17-206] Exiting Vivado at Sat Dec 10 06:01:47 2022...
